WIN[0]=-314,-874,1686,1126(11.50 12.03)
WIN[1]=1686,-874,3686,1126(10.29 10.76)
WIN[2]=2197,-874,4197,1126(12.31 12.72)
WIN[3]=-314,-656,1686,1344(11.80 12.03)
WIN[4]=1686,-656,3686,1344(10.59 10.76)
WIN[5]=2197,-656,4197,1344(12.77 12.72)
GROUP
NO[1]=4357,595,4454,1178
NO[2]=4475,615,5058,712
NO[3]=4475,735,5058,832
GROUP
CA[1]=-314,-874,4140,-766
GROUP
CA[1]=-314,1230,4197,1344
GROUP
CB[1]=-222,-436,361,-339
GROUP
CA[1]=-222,-193,361,-96
GROUP
CB[1]=-222,39,361,136
GROUP
CA[1]=-222,271,361,368
GROUP
CB[1]=-222,503,361,600
GROUP
CA[1]=-222,735,361,832
GROUP
CB[1]=-222,967,361,1064
GROUP
CB[1]=755,-193,1921,-96
GROUP
CB[1]=755,39,1921,136
GROUP
CB[1]=921,503,1932,600
GROUP
CA[1]=921,735,1932,832
GROUP
CB[1]=2549,-436,3132,-339
GROUP
CB[1]=2549,-193,3132,-96
GROUP
CB[1]=2549,39,3132,136
GROUP
CB[1]=2549,271,3132,368
GROUP
CA[1]=2549,503,3132,600
GROUP
CB[1]=2549,735,3132,832
GROUP
CA[1]=2549,967,3132,1064
GROUP
CB[1]=3484,-436,4067,-339
GROUP
CA[1]=3484,-193,4067,-96
GROUP
CB[1]=3484,39,4067,136
GROUP
CA[1]=3484,271,4067,368
GROUP
CB[1]=3484,503,4067,600
GROUP
CA[1]=3484,735,4067,832
GROUP
CB[1]=3484,967,4067,1064
