WIN[0]=540,0,1440,900(4.27 3.10)
WIN[1]=960,0,1860,900(4.27 6.68)
WIN[2]=540,360,1440,1260(5.83 9.17)
WIN[3]=960,360,1860,1260(12.72 10.44)
GROUP
NO[1]=0,200,185,260
NO[2]=180,50,400,150
NO[3]=100,330,280,400
NO[4]=320,290,480,340
NO[5]=310,395,460,450
GROUP
CA[1]=720,120,940,220
CA[2]=640,400,820,470
CB[1]=860,360,1020,410
CB[2]=540,270,725,330
GROUP
CA[1]=1520,0,1740,100
CA[2]=1440,280,1620,350
CB[1]=1660,240,1820,340
CB[2]=1340,150,1525,210
GROUP
CA[1]=840,900,1060,1000
CA[2]=760,1180,940,1250
CB[1]=980,1110,1460,1230
CB[2]=660,1050,845,1110
GROUP
CA[1]=1560,950,1860,1260
CB[1]=1560,800,1800,900
