ALPHA=50
BETA=80
OMEGA=2000
NoNode=56
-1354,-6000,355,-5955,2
-1253,-4685,-1163,-4475,1
-1223,-4049,6218,-3820,1
-1211,-5868,-919,-5591,1
-1211,-5482,498,-5437,1
-1211,-5327,763,-5282,2
-1211,-5171,498,-5126,2
-1211,-5016,498,-4971,1
-1211,-4860,498,-4815,2
-1211,-4380,498,-4335,1
-1211,-4224,498,-4179,2
-1034,-4675,-919,-4495,2
-886,-5849,-101,-5725,2
-819,-5638,767,-5593,1
-809,-4700,-709,-4465,2
-483,-4535,498,-4490,1
-468,-4691,498,-4646,1
314,-5843,673,-5713,2
789,-5949,2498,-5904,2
789,-5793,2498,-5748,1
789,-5638,2749,-5593,2
789,-5482,2498,-5437,2
789,-5327,2498,-5282,1
789,-5171,2498,-5126,1
789,-5016,2746,-4971,2
789,-4860,2498,-4815,2
789,-4691,2498,-4646,1
789,-4535,2498,-4490,2
789,-4380,2498,-4335,1
789,-4224,2498,-4179,2
2789,-5949,4498,-5904,2
2789,-5793,4498,-5748,2
2789,-5638,4760,-5593,1
2789,-5482,4764,-5437,2
2789,-5327,4498,-5282,1
2789,-5171,4498,-5126,2
2789,-5016,4498,-4971,1
2789,-4860,4764,-4815,2
2789,-4691,4498,-4646,1
2789,-4535,4498,-4490,2
2789,-4380,4498,-4335,1
2789,-4224,4498,-4179,2
4789,-5949,6498,-5904,2
4789,-5793,6498,-5748,2
4789,-5638,6283,-5593,2
4789,-5482,6190,-5437,1
4789,-5327,6106,-5282,2
4789,-5171,6011,-5126,2
4789,-5016,6134,-4971,2
4789,-4860,6033,-4815,1
4789,-4691,5922,-4646,2
4789,-4535,5680,-4490,2
4789,-4380,6078,-4335,2
4789,-4224,6196,-4179,2
6317,-5638,6592,-4115,1
6384,-4076,6644,-3827,2
-1354,-6000,646,-4000
646,-6000,2646,-4000
2646,-6000,4646,-4000
4644,-6000,6644,-4000
-1354,-5820,646,-3820
646,-5820,2646,-3820
2646,-5820,4646,-3820
4644,-5820,6644,-3820
