WIN[0]=-3057,2068,-557,4568(7.15 7.15)
WIN[1]=-557,2068,1943,4568(7.64 7.79)
WIN[2]=1943,2068,4443,4568(7.86 7.99)
WIN[3]=4443,2068,6943,4568(6.13 6.30)
WIN[4]=6943,2068,9443,4568(6.42 6.43)
WIN[5]=9345,2068,11845,4568(6.16 6.34)
WIN[6]=-3057,4568,-557,7068(7.75 7.73)
WIN[7]=-557,4568,1943,7068(7.15 7.18)
WIN[8]=1943,4568,4443,7068(7.53 7.50)
WIN[9]=4443,4568,6943,7068(8.17 8.10)
WIN[10]=6943,4568,9443,7068(7.82 7.64)
WIN[11]=9345,4568,11845,7068(7.20 7.36)
WIN[12]=-3057,7068,-557,9568(7.65 7.62)
WIN[13]=-557,7068,1943,9568(7.60 7.78)
WIN[14]=1943,7068,4443,9568(7.19 7.19)
WIN[15]=4443,7068,6943,9568(7.50 7.64)
WIN[16]=6943,7068,9443,9568(8.24 8.14)
WIN[17]=9345,7068,11845,9568(7.03 7.17)
WIN[18]=-3057,7868,-557,10368(6.68 6.65)
WIN[19]=-557,7868,1943,10368(6.34 6.75)
WIN[20]=1943,7868,4443,10368(6.17 6.17)
WIN[21]=4443,7868,6943,10368(8.11 8.31)
WIN[22]=6943,7868,9443,10368(7.41 10.24)
WIN[23]=9345,7868,11845,10368(8.97 7.20)
GROUP
GROUP
CB[1]=-3057,2938,-2943,3052
GROUP
CB[1]=-3057,3215,-2943,3329
GROUP
CA[1]=-3057,3499,-2943,3613
GROUP
CB[1]=-3057,4316,-2943,4430
GROUP
CA[1]=-3057,4597,-2943,4711
GROUP
CB[1]=-3057,4874,-2943,4988
GROUP
CB[1]=-3057,7034,-2943,7148
GROUP
CB[1]=-3057,7311,-2943,7425
GROUP
CB[1]=-3057,7595,-2943,7709
GROUP
CA[1]=-3057,8412,-2943,8526
GROUP
CB[1]=-3057,8693,-2943,8807
GROUP
CA[1]=-3057,8970,-2943,9084
GROUP
CA[1]=-3046,2068,4336,2100
GROUP
CB[1]=-3046,2281,4336,2313
GROUP
CA[1]=-3046,2510,4336,2542
GROUP
CB[1]=-3046,2738,4336,2770
GROUP
CA[1]=-3046,3838,4336,3870
GROUP
CB[1]=-3046,4066,4336,4098
GROUP
CA[1]=4376,5232,4566,5346
CB[1]=-3046,5201,4336,5233
GROUP
CA[1]=-3046,5414,4336,5446
GROUP
CB[1]=-3046,5643,4336,5675
GROUP
CA[1]=-3046,5871,4336,5903
GROUP
CB[1]=-3046,6164,4336,6196
GROUP
CA[1]=-3046,6377,4336,6409
GROUP
CB[1]=-3046,6606,4336,6638
GROUP
CA[1]=-3046,6834,4336,6866
GROUP
CA[1]=-3046,7934,4336,7966
GROUP
CB[1]=-3046,8162,4336,8194
GROUP
CA[1]=-3046,9297,4336,9329
GROUP
CB[1]=-3046,9510,4336,9542
GROUP
CB[1]=-3046,9739,4336,9771
GROUP
CA[1]=-3046,9967,4336,9999
GROUP
CA[1]=-2740,2938,-2626,3052
GROUP
CB[1]=-2740,3499,-2626,3613
GROUP
CA[1]=-2740,4316,-2626,4430
GROUP
CB[1]=-2740,4597,-2626,4711
GROUP
CB[1]=-2740,7034,-2626,7148
GROUP
CB[1]=-2740,7595,-2626,7709
GROUP
CA[1]=-2740,8412,-2626,8526
GROUP
CB[1]=-2740,8693,-2626,8807
GROUP
CB[1]=-2734,3215,-2620,3329
GROUP
CA[1]=-2734,4874,-2620,4988
GROUP
CA[1]=-2734,7311,-2620,7425
GROUP
CB[1]=-2734,8970,-2620,9084
GROUP
CA[1]=-2425,2938,-2311,3052
GROUP
CB[1]=-2425,3215,-2311,3329
GROUP
CA[1]=-2425,3499,-2311,3613
GROUP
CB[1]=-2425,4316,-2311,4430
GROUP
CB[1]=-2425,4597,-2311,4711
GROUP
CA[1]=-2425,4874,-2311,4988
GROUP
CB[1]=-2425,7034,-2311,7148
GROUP
CA[1]=-2425,7311,-2311,7425
GROUP
CB[1]=-2425,7595,-2311,7709
GROUP
CA[1]=-2425,8412,-2311,8526
GROUP
CB[1]=-2425,8693,-2311,8807
GROUP
CA[1]=-2425,8970,-2311,9084
GROUP
CA[1]=-2114,2938,-2000,3052
GROUP
CB[1]=-2114,3215,-2000,3329
GROUP
CA[1]=-2114,3499,-2000,3613
GROUP
CB[1]=-2114,4316,-2000,4430
GROUP
CB[1]=-2114,4597,-2000,4711
GROUP
CA[1]=-2114,4874,-2000,4988
GROUP
CA[1]=-2114,7034,-2000,7148
GROUP
CB[1]=-2114,7311,-2000,7425
GROUP
CA[1]=-2114,7595,-2000,7709
GROUP
CB[1]=-2114,8412,-2000,8526
GROUP
CA[1]=-2114,8693,-2000,8807
GROUP
CA[1]=-2114,8970,-2000,9084
GROUP
CA[1]=-1797,2938,-1683,3052
GROUP
CB[1]=-1797,3499,-1683,3613
GROUP
CA[1]=-1797,4316,-1683,4430
GROUP
CB[1]=-1797,4597,-1057,4711
GROUP
CA[1]=-1797,7034,-1683,7148
GROUP
CB[1]=-1797,7595,-1683,7709
GROUP
CA[1]=-1797,8412,-1683,8526
GROUP
CB[1]=-1797,8693,-1683,8807
GROUP
CB[1]=-1791,3215,-1677,3329
GROUP
CB[1]=-1791,4874,-1677,4988
GROUP
CA[1]=-1791,7311,-1677,7425
GROUP
CB[1]=-1791,8970,-1677,9084
GROUP
CA[1]=-1482,2938,-1368,3052
GROUP
CB[1]=-1482,3215,-1368,3329
GROUP
CA[1]=-1482,3499,-1368,3613
GROUP
CB[1]=-1482,4316,-1368,4430
GROUP
CA[1]=-1482,4874,-734,4988
GROUP
CA[1]=-1482,7034,-1368,7148
GROUP
CA[1]=-1482,7311,-1368,7425
GROUP
CB[1]=-1482,7595,-1368,7709
GROUP
CA[1]=-1482,8412,-1368,8526
GROUP
CA[1]=-1482,8693,-1057,8807
GROUP
CB[1]=-1482,8970,-1368,9084
GROUP
CA[1]=-1171,2938,-1057,3052
GROUP
CB[1]=-1171,3215,-1057,3329
GROUP
CA[1]=-1171,3499,-1057,3613
GROUP
CA[1]=-1171,4316,-1057,4430
GROUP
CB[1]=-1171,7034,-1057,7148
GROUP
CA[1]=-1171,7311,-1057,7425
GROUP
CB[1]=-1171,7595,-1057,7709
GROUP
CA[1]=-1171,8412,-1057,8526
GROUP
CB[1]=-1171,8970,-1057,9084
GROUP
CA[1]=-854,2938,-740,3052
GROUP
CB[1]=-854,3499,-740,3613
GROUP
CA[1]=-854,4316,-740,4430
GROUP
CA[1]=-854,4597,-740,4711
GROUP
CA[1]=-854,7034,-740,7148
GROUP
CA[1]=-854,7595,-740,7709
GROUP
CB[1]=-854,8412,-425,8526
GROUP
CB[1]=-854,8693,-740,8807
GROUP
CB[1]=-848,3215,-734,3329
GROUP
CA[1]=-848,7311,-734,7425
GROUP
CB[1]=-848,8970,-734,9084
GROUP
CA[1]=-539,2938,-425,3052
GROUP
CB[1]=-539,3215,-425,3329
GROUP
CA[1]=-539,3499,-425,3613
GROUP
CB[1]=-539,4316,-425,4430
GROUP
CB[1]=-539,4597,-425,4711
GROUP
CB[1]=-539,4874,-425,4988
GROUP
CA[1]=-539,7034,-425,7148
GROUP
CB[1]=-539,7311,-425,7425
GROUP
CB[1]=-539,7595,-425,7709
GROUP
CA[1]=-539,8693,-425,8807
GROUP
CB[1]=-539,8970,-425,9084
GROUP
CA[1]=-228,2938,-114,3052
GROUP
CB[1]=-228,3215,-114,3329
GROUP
CA[1]=-228,3499,-114,3613
GROUP
CB[1]=-228,4316,-114,4430
GROUP
CA[1]=-228,4597,-114,4711
GROUP
CB[1]=-228,4874,-114,4988
GROUP
CA[1]=-228,7034,-114,7148
GROUP
CA[1]=-228,7311,-114,7425
GROUP
CB[1]=-228,7595,-114,7709
GROUP
CA[1]=-228,8412,-114,8526
GROUP
CB[1]=-228,8693,-114,8807
GROUP
CB[1]=-228,8970,209,9084
GROUP
CA[1]=89,2938,203,3052
GROUP
CB[1]=89,3499,203,3613
GROUP
CA[1]=89,4316,203,4430
GROUP
CA[1]=89,4597,203,4711
GROUP
CA[1]=89,7034,203,7148
GROUP
CA[1]=89,7595,203,7709
GROUP
CA[1]=89,8412,203,8526
GROUP
CA[1]=89,8693,203,8807
GROUP
CB[1]=95,3215,209,3329
GROUP
CB[1]=95,4874,209,4988
GROUP
CB[1]=95,7311,209,7425
GROUP
CA[1]=404,2938,518,3052
GROUP
CB[1]=404,3215,518,3329
GROUP
CB[1]=404,3499,518,3613
GROUP
CB[1]=404,4316,518,4430
GROUP
CA[1]=404,4597,518,4711
GROUP
CB[1]=404,4874,518,4988
GROUP
CA[1]=404,7034,518,7148
GROUP
CA[1]=404,7311,518,7425
GROUP
CB[1]=404,7595,518,7709
GROUP
CA[1]=404,8412,518,8526
GROUP
CB[1]=404,8693,518,8807
GROUP
CA[1]=404,8970,518,9084
GROUP
CA[1]=743,2938,857,3052
GROUP
CB[1]=743,3215,857,3329
GROUP
CA[1]=743,3499,1799,3613
GROUP
CA[1]=743,4316,857,4430
GROUP
CA[1]=743,4597,857,4711
GROUP
CB[1]=743,4874,857,4988
GROUP
CA[1]=743,7034,857,7148
GROUP
CA[1]=743,7311,857,7425
GROUP
CB[1]=743,7595,857,7709
GROUP
CA[1]=743,8412,857,8526
GROUP
CB[1]=743,8693,857,8807
GROUP
CA[1]=743,8970,857,9084
GROUP
CB[1]=1060,2938,1174,3052
GROUP
CB[1]=1060,4316,1174,4430
GROUP
CA[1]=1060,4597,1174,4711
GROUP
CB[1]=1060,7034,1174,7148
GROUP
CB[1]=1060,7595,1174,7709
GROUP
CA[1]=1060,8412,1174,8526
GROUP
CB[1]=1060,8693,1174,8807
GROUP
CB[1]=1066,3215,1180,3329
GROUP
CB[1]=1066,4874,1180,4988
GROUP
CA[1]=1066,7311,1489,7425
GROUP
CA[1]=1066,8970,1180,9084
GROUP
CB[1]=1375,2938,1489,3052
GROUP
CB[1]=1375,3215,1489,3329
GROUP
CB[1]=1375,4316,1489,4430
GROUP
CA[1]=1375,4597,1489,4711
GROUP
CB[1]=1375,4874,1489,4988
GROUP
CB[1]=1375,7034,1489,7148
GROUP
CB[1]=1375,7595,1489,7709
GROUP
CB[1]=1375,8412,1489,8526
GROUP
CB[1]=1375,8693,1489,8807
GROUP
CA[1]=1375,8970,1489,9084
GROUP
CB[1]=1686,2938,1800,3052
GROUP
CB[1]=1686,3215,1800,3329
GROUP
CB[1]=1686,4316,1800,4430
GROUP
CA[1]=1686,4597,2117,4711
GROUP
CB[1]=1686,4874,1800,4988
GROUP
CB[1]=1686,7034,1800,7148
GROUP
CB[1]=1686,7311,1800,7425
GROUP
CA[1]=1686,7595,1800,7709
GROUP
CB[1]=1686,8412,1800,8526
GROUP
CA[1]=1686,8693,1800,8807
GROUP
CB[1]=1686,8970,1800,9084
GROUP
CA[1]=2003,2938,2117,3052
GROUP
CB[1]=2003,3499,2117,3613
GROUP
CA[1]=2003,4316,2117,4430
GROUP
CB[1]=2003,7034,2117,7148
GROUP
CA[1]=2003,7595,2117,7709
GROUP
CB[1]=2003,8412,2117,8526
GROUP
CA[1]=2003,8693,2117,8807
GROUP
CB[1]=2009,3215,2123,3329
GROUP
CA[1]=2009,4874,2123,4988
GROUP
CB[1]=2009,7311,2123,7425
GROUP
CA[1]=2009,8970,2123,9084
GROUP
CA[1]=2318,2938,2432,3052
GROUP
CB[1]=2318,3215,2432,3329
GROUP
CA[1]=2318,3499,2432,3613
GROUP
CB[1]=2318,4316,2432,4430
GROUP
CB[1]=2318,4597,2432,4711
GROUP
CA[1]=2318,4874,2432,4988
GROUP
CB[1]=2318,7034,2432,7148
GROUP
CB[1]=2318,7311,2432,7425
GROUP
CA[1]=2318,7595,2432,7709
GROUP
CB[1]=2318,8412,2432,8526
GROUP
CA[1]=2318,8693,2432,8807
GROUP
CB[1]=2318,8970,2432,9084
GROUP
CA[1]=2629,2938,2743,3052
GROUP
CA[1]=2629,3215,4011,3329
GROUP
CB[1]=2629,3499,2743,3613
GROUP
CA[1]=2629,4316,2743,4430
GROUP
CB[1]=2629,4597,2743,4711
GROUP
CB[1]=2629,4874,3066,4988
GROUP
CA[1]=2629,7034,2743,7148
GROUP
CA[1]=2629,7311,2743,7425
GROUP
CB[1]=2629,7595,2743,7709
GROUP
CA[1]=2629,8412,2743,8526
GROUP
CB[1]=2629,8693,2743,8807
GROUP
CA[1]=2629,8970,2743,9084
GROUP
CB[1]=2946,2938,3060,3052
GROUP
CB[1]=2946,3499,3060,3613
GROUP
CB[1]=2946,4316,3060,4430
GROUP
CA[1]=2946,4597,3060,4711
GROUP
CB[1]=2946,7034,3060,7148
GROUP
CB[1]=2946,7595,3060,7709
GROUP
CA[1]=2946,8412,3060,8526
GROUP
CB[1]=2946,8693,3060,8807
GROUP
CA[1]=2952,7311,3066,7425
GROUP
CB[1]=2952,8970,3066,9084
GROUP
CA[1]=3261,2938,3375,3052
GROUP
CB[1]=3261,3499,3375,3613
GROUP
CA[1]=3261,4316,3375,4430
GROUP
CA[1]=3261,4597,3686,4711
GROUP
CB[1]=3261,4874,3375,4988
GROUP
CB[1]=3261,7034,3375,7148
GROUP
CA[1]=3261,7311,3375,7425
GROUP
CB[1]=3261,7595,3375,7709
GROUP
CA[1]=3261,8412,3375,8526
GROUP
CB[1]=3261,8693,3375,8807
GROUP
CA[1]=3261,8970,3375,9084
GROUP
CB[1]=3572,2938,3686,3052
GROUP
CB[1]=3572,3499,3686,3613
GROUP
CB[1]=3572,4316,3686,4430
GROUP
CA[1]=3572,4874,3686,4988
GROUP
CA[1]=3572,7034,3686,7148
GROUP
CB[1]=3572,7311,3686,7425
GROUP
CA[1]=3572,7595,3686,7709
GROUP
CB[1]=3572,8412,3686,8526
GROUP
CA[1]=3572,8693,3686,8807
GROUP
CB[1]=3572,8970,3686,9084
GROUP
CB[1]=3889,2938,4003,3052
GROUP
CB[1]=3889,3499,4003,3613
GROUP
CB[1]=3889,4316,4318,4430
GROUP
CB[1]=3889,4597,4003,4711
GROUP
CA[1]=3889,7034,4003,7148
GROUP
CA[1]=3889,7595,4003,7709
GROUP
CB[1]=3889,8412,4003,8526
GROUP
CA[1]=3889,8693,4003,8807
GROUP
CA[1]=3895,4874,4009,4988
GROUP
CB[1]=3895,7311,4009,7425
GROUP
CA[1]=3895,8970,4009,9084
GROUP
CA[1]=4452,4913,4566,5027
CB[1]=4140,4874,4423,4988
GROUP
CB[1]=4204,2938,4318,3052
GROUP
CB[1]=4204,3215,4318,3329
GROUP
CB[1]=4204,3499,4318,3613
GROUP
CB[1]=4204,4597,4318,4711
GROUP
CA[1]=4204,7034,4318,7148
GROUP
CB[1]=4204,7311,4318,7425
GROUP
CA[1]=4204,7595,4318,7709
GROUP
CB[1]=4204,8412,4318,8526
GROUP
CA[1]=4204,8693,4318,8807
GROUP
CB[1]=4204,8970,4318,9084
GROUP
CA[1]=4385,5446,4890,5585
GROUP
CA[1]=4452,3535,4566,3649
GROUP
CB[1]=4452,3812,4566,3926
GROUP
CA[1]=4452,4096,4566,4210
GROUP
CA[1]=4452,7631,4566,7745
GROUP
CB[1]=4452,7908,4566,8022
GROUP
CA[1]=4452,8192,4566,8306
GROUP
CB[1]=4452,9009,4566,9123
GROUP
CA[1]=4452,9290,4566,9404
GROUP
CA[1]=4452,9567,4566,9681
GROUP
CB[1]=4463,2665,11845,2697
GROUP
CB[1]=4463,2878,11845,2910
GROUP
CA[1]=4463,3107,11845,3139
GROUP
CB[1]=4463,3335,11845,3367
GROUP
CA[1]=4463,4435,11845,4467
GROUP
CA[1]=4463,4663,11845,4695
GROUP
CA[1]=4463,5798,11845,5830
GROUP
CB[1]=4463,6011,11845,6043
GROUP
CA[1]=4463,6240,11845,6272
GROUP
CB[1]=4463,6468,11845,6500
GROUP
CA[1]=4463,6761,11845,6793
GROUP
CB[1]=4463,6974,11845,7006
GROUP
CB[1]=4463,7203,11845,7235
GROUP
CB[1]=4463,7431,11845,7463
GROUP
CA[1]=4463,8531,11845,8563
GROUP
CA[1]=7598,8864,7712,9123
CB[1]=4463,8759,11845,8791
GROUP
CB[1]=4463,9894,11845,9926
GROUP
CB[1]=4463,10107,11845,10139
GROUP
CB[1]=4463,10336,11845,10368
GROUP
CB[1]=4769,3535,4883,3649
GROUP
CA[1]=4769,4096,4883,4210
GROUP
CA[1]=4769,4913,4883,5027
GROUP
CB[1]=4769,5194,4883,5308
GROUP
CB[1]=4769,7631,4883,7745
GROUP
CA[1]=4769,8192,4883,8306
GROUP
CB[1]=4769,9009,4883,9123
GROUP
CA[1]=4769,9290,4883,9404
GROUP
CB[1]=4775,3812,4889,3926
GROUP
CA[1]=4775,7908,5518,8022
GROUP
CA[1]=4775,9567,4889,9681
GROUP
CA[1]=5084,3535,5198,3649
GROUP
CB[1]=5084,3812,5198,3926
GROUP
CB[1]=5084,4096,5198,4210
GROUP
CA[1]=5084,4913,5198,5027
GROUP
CB[1]=5084,5194,5198,5308
GROUP
CA[1]=5084,5471,5198,5585
GROUP
CB[1]=5084,7631,5198,7745
GROUP
CA[1]=5084,8192,5198,8306
GROUP
CB[1]=5084,9009,5198,9123
GROUP
CA[1]=5084,9290,5198,9404
GROUP
CA[1]=5084,9567,5198,9681
GROUP
CB[1]=5395,3535,5509,3649
GROUP
CA[1]=5395,3812,5509,3926
GROUP
CB[1]=5395,4096,5509,4210
GROUP
CB[1]=5395,4913,5509,5027
GROUP
CA[1]=5395,5194,5509,5308
GROUP
CB[1]=5395,5471,5509,5585
GROUP
CB[1]=5395,7631,5509,7745
GROUP
CA[1]=5395,8192,5509,8306
GROUP
CB[1]=5395,9009,5509,9123
GROUP
CA[1]=5395,9290,5509,9404
GROUP
CA[1]=5395,9567,5509,9681
GROUP
CA[1]=5712,3535,5826,3649
GROUP
CB[1]=5712,4096,5826,4210
GROUP
CA[1]=5712,4913,5826,5027
GROUP
CB[1]=5712,5194,5826,5308
GROUP
CA[1]=5712,7631,5826,7745
GROUP
CA[1]=5712,8192,6157,8306
GROUP
CB[1]=5712,9009,5826,9123
GROUP
CA[1]=5712,9290,5826,9404
GROUP
CA[1]=5718,3812,6774,3926
GROUP
CB[1]=5718,5471,6779,5585
GROUP
CB[1]=5718,7908,5832,8022
GROUP
CA[1]=5718,9567,5832,9681
GROUP
CA[1]=6027,3535,6141,3649
GROUP
CB[1]=6027,4096,6141,4210
GROUP
CA[1]=6027,4913,6141,5027
GROUP
CB[1]=6027,5194,6141,5308
GROUP
CA[1]=6027,7631,6141,7745
GROUP
CB[1]=6027,7908,6141,8022
GROUP
CA[1]=6027,9009,6141,9123
GROUP
CB[1]=6027,9290,6141,9404
GROUP
CA[1]=6027,9567,6141,9681
GROUP
CA[1]=6338,3535,6452,3649
GROUP
CB[1]=6338,4096,6452,4210
GROUP
CA[1]=6338,4913,6452,5027
GROUP
CB[1]=6338,5194,7394,5308
GROUP
CA[1]=6338,7631,6452,7745
GROUP
CB[1]=6338,7908,6452,8022
GROUP
CA[1]=6338,8192,6452,8306
GROUP
CB[1]=6338,9009,6452,9123
GROUP
CA[1]=6338,9290,6452,9404
GROUP
CA[1]=6338,9567,6452,9681
GROUP
CB[1]=6655,3535,6769,3649
GROUP
CB[1]=6655,4096,6769,4210
GROUP
CA[1]=6655,4913,6769,5027
GROUP
CB[1]=6655,7631,6769,7745
GROUP
CA[1]=6655,8192,6769,8306
GROUP
CB[1]=6655,9009,6769,9123
GROUP
CB[1]=6655,9290,6769,9691
GROUP
CA[1]=6661,7908,7405,8022
GROUP
CB[1]=6970,3535,7084,3649
GROUP
CB[1]=6970,3812,7084,3926
GROUP
CA[1]=6970,4096,7717,4210
GROUP
CA[1]=6970,4913,7084,5027
GROUP
CA[1]=6970,5471,7084,5585
GROUP
CA[1]=6970,7631,7084,7745
GROUP
CB[1]=6970,8192,7726,8306
GROUP
CA[1]=6970,8923,7084,9123
GROUP
CA[1]=6970,9290,7084,9404
GROUP
CB[1]=6970,9567,7084,9681
GROUP
CA[1]=7281,3535,7395,3649
GROUP
CB[1]=7281,3812,7395,3926
GROUP
CB[1]=7281,4913,7395,5027
GROUP
CA[1]=7281,5471,7395,5585
GROUP
CB[1]=7281,7631,7395,7745
GROUP
CA[1]=7281,8894,7395,9123
GROUP
CA[1]=7281,9290,7395,9404
GROUP
CB[1]=7281,9567,7395,9681
GROUP
CA[1]=7598,3535,7712,3649
GROUP
CB[1]=7598,4913,7712,5027
GROUP
CA[1]=7598,5194,7712,5308
GROUP
CB[1]=7598,7631,7712,7745
GROUP
CA[1]=7598,9290,8370,9404
GROUP
CB[1]=7604,3812,7718,3926
GROUP
CB[1]=7604,5471,7718,5585
GROUP
CA[1]=7604,7908,7718,8022
GROUP
CB[1]=7604,9567,7718,9681
GROUP
CA[1]=7913,3535,8027,3649
GROUP
CB[1]=7913,3812,8027,3926
GROUP
CA[1]=7913,4096,8027,4210
GROUP
CA[1]=7913,4913,8027,5027
GROUP
CB[1]=7913,5194,8027,5308
GROUP
CA[1]=7913,5471,8027,5585
GROUP
CA[1]=7913,7631,8027,7745
GROUP
CB[1]=7913,7908,8027,8022
GROUP
CA[1]=7913,8192,8027,8306
GROUP
CB[1]=7913,9009,8027,9123
GROUP
CB[1]=7913,9567,8027,9681
GROUP
CA[1]=8252,3535,8366,3649
GROUP
CA[1]=8252,3812,8366,3926
GROUP
CB[1]=8252,4096,8366,4210
GROUP
CB[1]=8252,4913,9312,5027
GROUP
CB[1]=8252,5194,8366,5308
GROUP
CA[1]=8252,5471,8366,5585
GROUP
CB[1]=8252,7631,8366,7745
GROUP
CB[1]=8252,7908,8366,8022
GROUP
CA[1]=8252,8192,8366,8306
GROUP
CB[1]=8252,9009,8366,9123
GROUP
CB[1]=8252,9567,8366,9681
GROUP
CA[1]=8569,3535,8683,3649
GROUP
CA[1]=8569,4096,8683,4210
GROUP
CA[1]=8569,5194,8683,5308
GROUP
CA[1]=8569,7631,8683,7745
GROUP
CB[1]=8569,8192,8683,8306
GROUP
CA[1]=8569,9009,8683,9123
GROUP
CB[1]=8569,9290,8683,9404
GROUP
CB[1]=8575,3812,9313,3926
GROUP
CA[1]=8575,5471,8689,5585
GROUP
CA[1]=8575,7908,8689,8022
GROUP
CB[1]=8575,9567,8689,9681
GROUP
CA[1]=8884,3535,8998,3649
GROUP
CA[1]=8884,4096,8998,4210
GROUP
CA[1]=8884,5194,8998,5308
GROUP
CA[1]=8884,5471,8998,5585
GROUP
CB[1]=8884,7631,8998,7745
GROUP
CA[1]=8884,7908,8998,8319
GROUP
CB[1]=8884,9009,8998,9123
GROUP
CB[1]=8884,9290,8998,9404
GROUP
CB[1]=8884,9567,8998,9681
GROUP
CA[1]=9195,3535,9309,3649
GROUP
CA[1]=9195,4096,9309,4210
GROUP
CA[1]=9195,5194,9309,5308
GROUP
CA[1]=9195,5471,9309,5585
GROUP
CA[1]=9195,7631,9309,7745
GROUP
CB[1]=9195,7908,9309,8022
GROUP
CA[1]=9195,8192,9309,8306
GROUP
CB[1]=9195,9009,9309,9123
GROUP
CA[1]=9195,9290,9309,9404
GROUP
CB[1]=9195,9567,9309,9681
GROUP
CB[1]=9512,3535,9626,3649
GROUP
CB[1]=9512,4096,9626,4210
GROUP
CA[1]=9512,4913,9626,5027
GROUP
CB[1]=9512,5194,9626,5308
GROUP
CB[1]=9512,7631,9626,7745
GROUP
CA[1]=9512,8192,9626,8306
GROUP
CA[1]=9512,9009,9626,9123
GROUP
CB[1]=9512,9290,9626,9404
GROUP
CA[1]=9518,3812,9632,3926
GROUP
CA[1]=9518,5471,9632,5585
GROUP
CA[1]=9518,7908,9632,8022
GROUP
CA[1]=9518,9567,9632,9681
GROUP
CB[1]=9827,3535,9941,3649
GROUP
CA[1]=9827,3812,9941,3926
GROUP
CB[1]=9827,4096,9941,4210
GROUP
CB[1]=9827,4913,9941,5027
GROUP
CA[1]=9827,5194,9941,5308
GROUP
CB[1]=9827,5471,9941,5585
GROUP
CB[1]=9827,7631,9941,7745
GROUP
CA[1]=9827,7908,9941,8022
GROUP
CB[1]=9827,8192,9941,8306
GROUP
CA[1]=9827,9009,9941,9123
GROUP
CA[1]=9827,9290,10573,9404
GROUP
CA[1]=9827,9567,9941,9681
GROUP
CA[1]=10138,3535,10252,3649
GROUP
CB[1]=10138,3812,10252,3926
GROUP
CA[1]=10138,4096,10252,4210
GROUP
CB[1]=10138,4911,10252,5585
GROUP
CB[1]=10138,7631,10252,7745
GROUP
CA[1]=10138,7908,10252,8022
GROUP
CB[1]=10138,8192,10252,8306
GROUP
CA[1]=10138,9009,10252,9123
GROUP
CA[1]=10138,9567,10252,9681
GROUP
CB[1]=10455,3535,10569,3649
GROUP
CA[1]=10455,4096,11516,4210
GROUP
CA[1]=10455,4913,10569,5027
GROUP
CB[1]=10455,5194,10569,5308
GROUP
CB[1]=10455,7631,10569,7745
GROUP
CA[1]=10455,8192,10569,8306
GROUP
CB[1]=10455,9009,10569,9123
GROUP
CA[1]=10461,3812,10575,3926
GROUP
CA[1]=10461,5471,10575,5585
GROUP
CA[1]=10461,7908,10575,8022
GROUP
CA[1]=10461,9567,11196,9681
GROUP
CB[1]=10770,3535,10884,3649
GROUP
CA[1]=10770,3812,10884,3926
GROUP
CB[1]=10770,4913,10884,5027
GROUP
CB[1]=10770,5194,10884,5308
GROUP
CB[1]=10770,5471,10884,5585
GROUP
CA[1]=10770,7631,10884,7745
GROUP
CA[1]=10770,7908,10884,8022
GROUP
CA[1]=10770,8192,10884,8306
GROUP
CA[1]=10770,9009,10884,9123
GROUP
CA[1]=10770,9290,10884,9404
GROUP
CB[1]=11081,3535,11195,3649
GROUP
CA[1]=11081,3812,11195,3926
GROUP
CA[1]=11081,4913,11195,5027
GROUP
CB[1]=11081,5194,11195,5308
GROUP
CA[1]=11081,5471,11195,5585
GROUP
CB[1]=11081,7631,11195,7745
GROUP
CA[1]=11081,7908,11195,8022
GROUP
CB[1]=11081,8192,11195,8306
GROUP
CA[1]=11081,9009,11195,9123
GROUP
CB[1]=11081,9290,11195,9404
GROUP
CB[1]=11398,3535,11512,3649
GROUP
CB[1]=11398,4913,11512,5027
GROUP
CA[1]=11398,5194,11512,5308
GROUP
CA[1]=11398,7631,11512,7745
GROUP
CB[1]=11398,8192,11512,8306
GROUP
CA[1]=11398,9009,11512,9123
GROUP
CB[1]=11398,9290,11512,9404
GROUP
CA[1]=11404,3812,11518,3926
GROUP
CB[1]=11404,5471,11518,5585
GROUP
CA[1]=11404,7908,11518,8022
GROUP
CA[1]=11404,9567,11518,9681
GROUP
CB[1]=11713,3535,11827,3649
GROUP
CB[1]=11713,3812,11827,3926
GROUP
CB[1]=11713,4096,11827,4210
GROUP
CA[1]=11713,4913,11827,5027
GROUP
CB[1]=11713,5194,11827,5308
GROUP
CA[1]=11713,5471,11827,5585
GROUP
CB[1]=11713,7631,11827,7745
GROUP
CA[1]=11713,7908,11827,8022
GROUP
CB[1]=11713,8192,11827,8306
GROUP
CA[1]=11713,9009,11827,9123
GROUP
CB[1]=11713,9290,11827,9404
GROUP
CA[1]=11713,9567,11827,9681
