WIN[0]=-1354,-6000,646,-4000(32.35 33.36)
WIN[1]=646,-6000,2646,-4000(33.11 31.43)
GROUP
NO[1]=76,-3861,1157,-3674
NO[2]=302,-3635,587,-3419
NO[3]=626,-3625,872,-3438
GROUP
CA[1]=-1354,-6000,506,-5448
GROUP
CA[1]=179,-4148,211,-4053
CB[1]=-1354,-4668,152,-4000
GROUP
CA[1]=-1234,-5238,-831,-4822
GROUP
CB[1]=-595,-5256,164,-4828
GROUP
CA[1]=437,-4511,524,-4171
CB[1]=459,-4158,555,-4120
GROUP
CA[1]=489,-5286,1381,-4858
GROUP
CA[1]=815,-4158,911,-4120
CB[1]=782,-4511,869,-4171
GROUP
CB[1]=786,-6000,2646,-5448
GROUP
CA[1]=1140,-4668,2646,-4000
CB[1]=1089,-4148,1121,-4053
GROUP
CB[1]=1857,-5262,2370,-4876
